# JRE version: 7.0_21-b12
# Java VM: Java HotSpot(TM) 64-Bit Server VM (23.21-b01 mixed mode bsd-amd64 compressed oops)
Heap
 PSYoungGen      total 74752K, used 12638K [0x000000013d710000, 0x0000000142cd0000, 0x0000000153b10000)
  eden space 66880K, 7% used [0x000000013d710000,0x000000013dbba9c0,0x0000000141860000)
  from space 7872K, 99% used [0x00000001421c0000,0x000000014296cf58,0x0000000142970000)
  to   space 9600K, 0% used [0x0000000141860000,0x0000000141860000,0x00000001421c0000)
 ParOldGen       total 45568K, used 8836K [0x0000000110f10000, 0x0000000113b90000, 0x000000013d710000)
  object space 45568K, 19% used [0x0000000110f10000,0x00000001117b13b8,0x0000000113b90000)
 PSPermGen       total 21248K, used 18384K [0x000000010bd10000, 0x000000010d1d0000, 0x0000000110f10000)
  object space 21248K, 86% used [0x000000010bd10000,0x000000010cf04138,0x000000010d1d0000)
GC Heap History (10 events):
Event: 1.041 GC heap before
{Heap before GC invocations=2 (full 0):
 PSYoungGen      total 19968K, used 19309K [0x000000013d710000, 0x000000013ed50000, 0x0000000153b10000)
  eden space 17152K, 100% used [0x000000013d710000,0x000000013e7d0000,0x000000013e7d0000)
  from space 2816K, 76% used [0x000000013e7d0000,0x000000013e9eb638,0x000000013ea90000)
  to   space 2816K, 0% used [0x000000013ea90000,0x000000013ea90000,0x000000013ed50000)
 ParOldGen       total 45568K, used 8K [0x0000000110f10000, 0x0000000113b90000, 0x000000013d710000)
  object space 45568K, 0% used [0x0000000110f10000,0x0000000110f12000,0x0000000113b90000)
 PSPermGen       total 21248K, used 7232K [0x000000010bd10000, 0x000000010d1d0000, 0x0000000110f10000)
  object space 21248K, 34% used [0x000000010bd10000,0x000000010c4203a0,0x000000010d1d0000)
Event: 1.046 GC heap after
Heap after GC invocations=2 (full 0):
 PSYoungGen      total 19968K, used 2801K [0x000000013d710000, 0x000000013fe10000, 0x0000000153b10000)
  eden space 17152K, 0% used [0x000000013d710000,0x000000013d710000,0x000000013e7d0000)
  from space 2816K, 99% used [0x000000013ea90000,0x000000013ed4c640,0x000000013ed50000)
  to   space 2816K, 0% used [0x000000013e7d0000,0x000000013e7d0000,0x000000013ea90000)
 ParOldGen       total 45568K, used 326K [0x0000000110f10000, 0x0000000113b90000, 0x000000013d710000)
  object space 45568K, 0% used [0x0000000110f10000,0x0000000110f61b08,0x0000000113b90000)
 PSPermGen       total 21248K, used 7232K [0x000000010bd10000, 0x000000010d1d0000, 0x0000000110f10000)
  object space 21248K, 34% used [0x000000010bd10000,0x000000010c4203a0,0x000000010d1d0000)
}
Event: 2.315 GC heap before
{Heap before GC invocations=3 (full 0):
 PSYoungGen      total 19968K, used 19953K [0x000000013d710000, 0x000000013fe10000, 0x0000000153b10000)
  eden space 17152K, 100% used [0x000000013d710000,0x000000013e7d0000,0x000000013e7d0000)
  from space 2816K, 99% used [0x000000013ea90000,0x000000013ed4c640,0x000000013ed50000)
  to   space 2816K, 0% used [0x000000013e7d0000,0x000000013e7d0000,0x000000013ea90000)
 ParOldGen       total 45568K, used 326K [0x0000000110f10000, 0x0000000113b90000, 0x000000013d710000)
  object space 45568K, 0% used [0x0000000110f10000,0x0000000110f61b08,0x0000000113b90000)
 PSPermGen       total 21248K, used 8889K [0x000000010bd10000, 0x000000010d1d0000, 0x0000000110f10000)
  object space 21248K, 41% used [0x000000010bd10000,0x000000010c5be400,0x000000010d1d0000)
Event: 2.319 GC heap after
Heap after GC invocations=3 (full 0):
 PSYoungGen      total 19968K, used 2800K [0x000000013d710000, 0x000000013fe10000, 0x0000000153b10000)
  eden space 17152K, 0% used [0x000000013d710000,0x000000013d710000,0x000000013e7d0000)
  from space 2816K, 99% used [0x000000013e7d0000,0x000000013ea8c238,0x000000013ea90000)
  to   space 2816K, 0% used [0x000000013fb50000,0x000000013fb50000,0x000000013fe10000)
 ParOldGen       total 45568K, used 1604K [0x0000000110f10000, 0x0000000113b90000, 0x000000013d710000)
  object space 45568K, 3% used [0x0000000110f10000,0x00000001110a1190,0x0000000113b90000)
 PSPermGen       total 21248K, used 8889K [0x000000010bd10000, 0x000000010d1d0000, 0x0000000110f10000)
  object space 21248K, 41% used [0x000000010bd10000,0x000000010c5be400,0x000000010d1d0000)
}
Event: 2.492 GC heap before
{Heap before GC invocations=4 (full 0):
 PSYoungGen      total 19968K, used 19952K [0x000000013d710000, 0x000000013fe10000, 0x0000000153b10000)
  eden space 17152K, 100% used [0x000000013d710000,0x000000013e7d0000,0x000000013e7d0000)
  from space 2816K, 99% used [0x000000013e7d0000,0x000000013ea8c238,0x000000013ea90000)
  to   space 2816K, 0% used [0x000000013fb50000,0x000000013fb50000,0x000000013fe10000)
 ParOldGen       total 45568K, used 1604K [0x0000000110f10000, 0x0000000113b90000, 0x000000013d710000)
  object space 45568K, 3% used [0x0000000110f10000,0x00000001110a1190,0x0000000113b90000)
 PSPermGen       total 21248K, used 10930K [0x000000010bd10000, 0x000000010d1d0000, 0x0000000110f10000)
  object space 21248K, 51% used [0x000000010bd10000,0x000000010c7bc8e0,0x000000010d1d0000)
Event: 2.503 GC heap after
Heap after GC invocations=4 (full 0):
 PSYoungGen      total 37120K, used 2807K [0x000000013d710000, 0x000000013fe10000, 0x0000000153b10000)
  eden space 34304K, 0% used [0x000000013d710000,0x000000013d710000,0x000000013f890000)
  from space 2816K, 99% used [0x000000013fb50000,0x000000013fe0dd60,0x000000013fe10000)
  to   space 2816K, 0% used [0x000000013f890000,0x000000013f890000,0x000000013fb50000)
 ParOldGen       total 45568K, used 3700K [0x0000000110f10000, 0x0000000113b90000, 0x000000013d710000)
  object space 45568K, 8% used [0x0000000110f10000,0x00000001112ad230,0x0000000113b90000)
 PSPermGen       total 21248K, used 10930K [0x000000010bd10000, 0x000000010d1d0000, 0x0000000110f10000)
  object space 21248K, 51% used [0x000000010bd10000,0x000000010c7bc8e0,0x000000010d1d0000)
}
Event: 6.747 GC heap before
{Heap before GC invocations=5 (full 0):
 PSYoungGen      total 37120K, used 37111K [0x000000013d710000, 0x000000013fe10000, 0x0000000153b10000)
  eden space 34304K, 100% used [0x000000013d710000,0x000000013f890000,0x000000013f890000)
  from space 2816K, 99% used [0x000000013fb50000,0x000000013fe0dd60,0x000000013fe10000)
  to   space 2816K, 0% used [0x000000013f890000,0x000000013f890000,0x000000013fb50000)
 ParOldGen       total 45568K, used 3700K [0x0000000110f10000, 0x0000000113b90000, 0x000000013d710000)
  object space 45568K, 8% used [0x0000000110f10000,0x00000001112ad230,0x0000000113b90000)
 PSPermGen       total 21248K, used 14579K [0x000000010bd10000, 0x000000010d1d0000, 0x0000000110f10000)
  object space 21248K, 68% used [0x000000010bd10000,0x000000010cb4cfe8,0x000000010d1d0000)
Event: 6.755 GC heap after
Heap after GC invocations=5 (full 0):
 PSYoungGen      total 37120K, used 2791K [0x000000013d710000, 0x0000000142970000, 0x0000000153b10000)
  eden space 34304K, 0% used [0x000000013d710000,0x000000013d710000,0x000000013f890000)
  from space 2816K, 99% used [0x000000013f890000,0x000000013fb49df0,0x000000013fb50000)
  to   space 7872K, 0% used [0x00000001421c0000,0x00000001421c0000,0x0000000142970000)
 ParOldGen       total 45568K, used 8321K [0x0000000110f10000, 0x0000000113b90000, 0x000000013d710000)
  object space 45568K, 18% used [0x0000000110f10000,0x00000001117304d0,0x0000000113b90000)
 PSPermGen       total 21248K, used 14579K [0x000000010bd10000, 0x000000010d1d0000, 0x0000000110f10000)
  object space 21248K, 68% used [0x000000010bd10000,0x000000010cb4cfe8,0x000000010d1d0000)
}
Event: 10.414 GC heap before
{Heap before GC invocations=6 (full 0):
 PSYoungGen      total 37120K, used 37095K [0x000000013d710000, 0x0000000142970000, 0x0000000153b10000)
  eden space 34304K, 100% used [0x000000013d710000,0x000000013f890000,0x000000013f890000)
  from space 2816K, 99% used [0x000000013f890000,0x000000013fb49df0,0x000000013fb50000)
  to   space 7872K, 0% used [0x00000001421c0000,0x00000001421c0000,0x0000000142970000)
 ParOldGen       total 45568K, used 8321K [0x0000000110f10000, 0x0000000113b90000, 0x000000013d710000)
  object space 45568K, 18% used [0x0000000110f10000,0x00000001117304d0,0x0000000113b90000)
 PSPermGen       total 21248K, used 18205K [0x000000010bd10000, 0x000000010d1d0000, 0x0000000110f10000)
  object space 21248K, 85% used [0x000000010bd10000,0x000000010ced7778,0x000000010d1d0000)
Event: 10.421 GC heap after
Heap after GC invocations=6 (full 0):
 PSYoungGen      total 74752K, used 7859K [0x000000013d710000, 0x0000000142cd0000, 0x0000000153b10000)
  eden space 66880K, 0% used [0x000000013d710000,0x000000013d710000,0x0000000141860000)
  from space 7872K, 99% used [0x00000001421c0000,0x000000014296cf58,0x0000000142970000)
  to   space 9600K, 0% used [0x0000000141860000,0x0000000141860000,0x00000001421c0000)
 ParOldGen       total 45568K, used 8836K [0x0000000110f10000, 0x0000000113b90000, 0x000000013d710000)
  object space 45568K, 19% used [0x0000000110f10000,0x00000001117b13b8,0x0000000113b90000)
 PSPermGen       total 21248K, used 18205K [0x000000010bd10000, 0x000000010d1d0000, 0x0000000110f10000)
  object space 21248K, 85% used [0x000000010bd10000,0x000000010ced7778,0x000000010d1d0000)
}

