# JRE version: 7.0_21-b12
# Java VM: Java HotSpot(TM) 64-Bit Server VM (23.21-b01 mixed mode bsd-amd64 compressed oops)
Heap
 def new generation   total 4224K, used 2869K [0x000000010c7f0000, 0x000000010cc80000, 0x000000010edf0000)
  eden space 3776K,  66% used [0x000000010c7f0000, 0x000000010ca627a8, 0x000000010cba0000)
  from space 448K,  81% used [0x000000010cc10000, 0x000000010cc6aeb8, 0x000000010cc80000)
  to   space 448K,   0% used [0x000000010cba0000, 0x000000010cba0000, 0x000000010cc10000)
 tenured generation   total 9204K, used 7081K [0x000000010edf0000, 0x000000010f6ed000, 0x00000001139f0000)
   the space 9204K,  76% used [0x000000010edf0000, 0x000000010f4da438, 0x000000010f4da600, 0x000000010f6ed000)
 compacting perm gen  total 29888K, used 29823K [0x00000001139f0000, 0x0000000115720000, 0x0000000118bf0000)
   the space 29888K,  99% used [0x00000001139f0000, 0x000000011570ff80, 0x0000000115710000, 0x0000000115720000)
GC Heap History (10 events):
Event: 4.688 GC heap before
{Heap before GC invocations=131 (full 4):
 def new generation   total 4224K, used 3948K [0x000000010c7f0000, 0x000000010cc80000, 0x000000010edf0000)
  eden space 3776K, 100% used [0x000000010c7f0000, 0x000000010cba0000, 0x000000010cba0000)
  from space 448K,  38% used [0x000000010cba0000, 0x000000010cbcb330, 0x000000010cc10000)
  to   space 448K,   0% used [0x000000010cc10000, 0x000000010cc10000, 0x000000010cc80000)
 tenured generation   total 9204K, used 5588K [0x000000010edf0000, 0x000000010f6ed000, 0x00000001139f0000)
   the space 9204K,  60% used [0x000000010edf0000, 0x000000010f365340, 0x000000010f365400, 0x000000010f6ed000)
 compacting perm gen  total 28288K, used 28003K [0x00000001139f0000, 0x0000000115590000, 0x0000000118bf0000)
   the space 28288K,  98% used [0x00000001139f0000, 0x0000000115548d98, 0x0000000115548e00, 0x0000000115590000)
No shared spaces configured.
Event: 4.691 GC heap after
Heap after GC invocations=132 (full 4):
 def new generation   total 4224K, used 277K [0x000000010c7f0000, 0x000000010cc80000, 0x000000010edf0000)
  eden space 3776K,   0% used [0x000000010c7f0000, 0x000000010c7f0000, 0x000000010cba0000)
  from space 448K,  61% used [0x000000010cc10000, 0x000000010cc555a8, 0x000000010cc80000)
  to   space 448K,   0% used [0x000000010cba0000, 0x000000010cba0000, 0x000000010cc10000)
 tenured generation   total 9204K, used 5588K [0x000000010edf0000, 0x000000010f6ed000, 0x00000001139f0000)
   the space 9204K,  60% used [0x000000010edf0000, 0x000000010f365340, 0x000000010f365400, 0x000000010f6ed000)
 compacting perm gen  total 28288K, used 28003K [0x00000001139f0000, 0x0000000115590000, 0x0000000118bf0000)
   the space 28288K,  98% used [0x00000001139f0000, 0x0000000115548d98, 0x0000000115548e00, 0x0000000115590000)
No shared spaces configured.
}
Event: 4.737 GC heap before
{Heap before GC invocations=132 (full 4):
 def new generation   total 4224K, used 4053K [0x000000010c7f0000, 0x000000010cc80000, 0x000000010edf0000)
  eden space 3776K, 100% used [0x000000010c7f0000, 0x000000010cba0000, 0x000000010cba0000)
  from space 448K,  61% used [0x000000010cc10000, 0x000000010cc555a8, 0x000000010cc80000)
  to   space 448K,   0% used [0x000000010cba0000, 0x000000010cba0000, 0x000000010cc10000)
 tenured generation   total 9204K, used 5588K [0x000000010edf0000, 0x000000010f6ed000, 0x00000001139f0000)
   the space 9204K,  60% used [0x000000010edf0000, 0x000000010f365340, 0x000000010f365400, 0x000000010f6ed000)
 compacting perm gen  total 28608K, used 28425K [0x00000001139f0000, 0x00000001155e0000, 0x0000000118bf0000)
   the space 28608K,  99% used [0x00000001139f0000, 0x00000001155b2608, 0x00000001155b2800, 0x00000001155e0000)
No shared spaces configured.
Event: 4.741 GC heap after
Heap after GC invocations=133 (full 4):
 def new generation   total 4224K, used 344K [0x000000010c7f0000, 0x000000010cc80000, 0x000000010edf0000)
  eden space 3776K,   0% used [0x000000010c7f0000, 0x000000010c7f0000, 0x000000010cba0000)
  from space 448K,  76% used [0x000000010cba0000, 0x000000010cbf60c8, 0x000000010cc10000)
  to   space 448K,   0% used [0x000000010cc10000, 0x000000010cc10000, 0x000000010cc80000)
 tenured generation   total 9204K, used 5646K [0x000000010edf0000, 0x000000010f6ed000, 0x00000001139f0000)
   the space 9204K,  61% used [0x000000010edf0000, 0x000000010f373a00, 0x000000010f373a00, 0x000000010f6ed000)
 compacting perm gen  total 28608K, used 28425K [0x00000001139f0000, 0x00000001155e0000, 0x0000000118bf0000)
   the space 28608K,  99% used [0x00000001139f0000, 0x00000001155b2608, 0x00000001155b2800, 0x00000001155e0000)
No shared spaces configured.
}
Event: 4.772 GC heap before
{Heap before GC invocations=133 (full 4):
 def new generation   total 4224K, used 4120K [0x000000010c7f0000, 0x000000010cc80000, 0x000000010edf0000)
  eden space 3776K, 100% used [0x000000010c7f0000, 0x000000010cba0000, 0x000000010cba0000)
  from space 448K,  76% used [0x000000010cba0000, 0x000000010cbf60c8, 0x000000010cc10000)
  to   space 448K,   0% used [0x000000010cc10000, 0x000000010cc10000, 0x000000010cc80000)
 tenured generation   total 9204K, used 5646K [0x000000010edf0000, 0x000000010f6ed000, 0x00000001139f0000)
   the space 9204K,  61% used [0x000000010edf0000, 0x000000010f373a00, 0x000000010f373a00, 0x000000010f6ed000)
 compacting perm gen  total 28928K, used 28854K [0x00000001139f0000, 0x0000000115630000, 0x0000000118bf0000)
   the space 28928K,  99% used [0x00000001139f0000, 0x000000011561d820, 0x000000011561da00, 0x0000000115630000)
No shared spaces configured.
Event: 4.775 GC heap after
Heap after GC invocations=134 (full 4):
 def new generation   total 4224K, used 168K [0x000000010c7f0000, 0x000000010cc80000, 0x000000010edf0000)
  eden space 3776K,   0% used [0x000000010c7f0000, 0x000000010c7f0000, 0x000000010cba0000)
  from space 448K,  37% used [0x000000010cc10000, 0x000000010cc3a128, 0x000000010cc80000)
  to   space 448K,   0% used [0x000000010cba0000, 0x000000010cba0000, 0x000000010cc10000)
 tenured generation   total 9204K, used 6854K [0x000000010edf0000, 0x000000010f6ed000, 0x00000001139f0000)
   the space 9204K,  74% used [0x000000010edf0000, 0x000000010f4a1a08, 0x000000010f4a1c00, 0x000000010f6ed000)
 compacting perm gen  total 28928K, used 28854K [0x00000001139f0000, 0x0000000115630000, 0x0000000118bf0000)
   the space 28928K,  99% used [0x00000001139f0000, 0x000000011561d820, 0x000000011561da00, 0x0000000115630000)
No shared spaces configured.
}
Event: 4.801 GC heap before
{Heap before GC invocations=134 (full 4):
 def new generation   total 4224K, used 3944K [0x000000010c7f0000, 0x000000010cc80000, 0x000000010edf0000)
  eden space 3776K, 100% used [0x000000010c7f0000, 0x000000010cba0000, 0x000000010cba0000)
  from space 448K,  37% used [0x000000010cc10000, 0x000000010cc3a128, 0x000000010cc80000)
  to   space 448K,   0% used [0x000000010cba0000, 0x000000010cba0000, 0x000000010cc10000)
 tenured generation   total 9204K, used 6854K [0x000000010edf0000, 0x000000010f6ed000, 0x00000001139f0000)
   the space 9204K,  74% used [0x000000010edf0000, 0x000000010f4a1a08, 0x000000010f4a1c00, 0x000000010f6ed000)
 compacting perm gen  total 29568K, used 29261K [0x00000001139f0000, 0x00000001156d0000, 0x0000000118bf0000)
   the space 29568K,  98% used [0x00000001139f0000, 0x0000000115683730, 0x0000000115683800, 0x00000001156d0000)
No shared spaces configured.
Event: 4.804 GC heap after
Heap after GC invocations=135 (full 4):
 def new generation   total 4224K, used 447K [0x000000010c7f0000, 0x000000010cc80000, 0x000000010edf0000)
  eden space 3776K,   0% used [0x000000010c7f0000, 0x000000010c7f0000, 0x000000010cba0000)
  from space 448K,  99% used [0x000000010cba0000, 0x000000010cc0fff8, 0x000000010cc10000)
  to   space 448K,   0% used [0x000000010cc10000, 0x000000010cc10000, 0x000000010cc80000)
 tenured generation   total 9204K, used 6908K [0x000000010edf0000, 0x000000010f6ed000, 0x00000001139f0000)
   the space 9204K,  75% used [0x000000010edf0000, 0x000000010f4af1e0, 0x000000010f4af200, 0x000000010f6ed000)
 compacting perm gen  total 29568K, used 29261K [0x00000001139f0000, 0x00000001156d0000, 0x0000000118bf0000)
   the space 29568K,  98% used [0x00000001139f0000, 0x0000000115683730, 0x0000000115683800, 0x00000001156d0000)
No shared spaces configured.
}
Event: 4.831 GC heap before
{Heap before GC invocations=135 (full 4):
 def new generation   total 4224K, used 4221K [0x000000010c7f0000, 0x000000010cc80000, 0x000000010edf0000)
  eden space 3776K,  99% used [0x000000010c7f0000, 0x000000010cb9f760, 0x000000010cba0000)
  from space 448K,  99% used [0x000000010cba0000, 0x000000010cc0fff8, 0x000000010cc10000)
  to   space 448K,   0% used [0x000000010cc10000, 0x000000010cc10000, 0x000000010cc80000)
 tenured generation   total 9204K, used 6908K [0x000000010edf0000, 0x000000010f6ed000, 0x00000001139f0000)
   the space 9204K,  75% used [0x000000010edf0000, 0x000000010f4af1e0, 0x000000010f4af200, 0x000000010f6ed000)
 compacting perm gen  total 29888K, used 29617K [0x00000001139f0000, 0x0000000115720000, 0x0000000118bf0000)
   the space 29888K,  99% used [0x00000001139f0000, 0x00000001156dc618, 0x00000001156dc800, 0x0000000115720000)
No shared spaces configured.
Event: 4.833 GC heap after
Heap after GC invocations=136 (full 4):
 def new generation   total 4224K, used 363K [0x000000010c7f0000, 0x000000010cc80000, 0x000000010edf0000)
  eden space 3776K,   0% used [0x000000010c7f0000, 0x000000010c7f0000, 0x000000010cba0000)
  from space 448K,  81% used [0x000000010cc10000, 0x000000010cc6aeb8, 0x000000010cc80000)
  to   space 448K,   0% used [0x000000010cba0000, 0x000000010cba0000, 0x000000010cc10000)
 tenured generation   total 9204K, used 7081K [0x000000010edf0000, 0x000000010f6ed000, 0x00000001139f0000)
   the space 9204K,  76% used [0x000000010edf0000, 0x000000010f4da438, 0x000000010f4da600, 0x000000010f6ed000)
 compacting perm gen  total 29888K, used 29617K [0x00000001139f0000, 0x0000000115720000, 0x0000000118bf0000)
   the space 29888K,  99% used [0x00000001139f0000, 0x00000001156dc618, 0x00000001156dc800, 0x0000000115720000)
No shared spaces configured.
}

